<?xml version="1.0" encoding="UTF-8"?>
<!-- Generated by org.testng.reporters.JUnitXMLReporter -->
<testsuite hostname="DESKTOP-H9CG5VC" ignored="0" name="Default test" tests="3" failures="0" timestamp="2022-05-19T20:10:30 IST" time="4.22" errors="0">
  <testcase name="deleteCustomer" time="4.1" classname="com.albertsons.APITestingFramework.testcases.DeleteCustomerTest"/>
  <testcase name="deleteCustomer" time="4.1" classname="com.albertsons.APITestingFramework.testcases.DeleteCustomerTest"/>
  <testcase name="deleteCustomer" time="4.1" classname="com.albertsons.APITestingFramework.testcases.DeleteCustomerTest"/>
</testsuite> <!-- Default test -->
