<?xml version="1.0" encoding="UTF-8"?>
<!-- Generated by org.testng.reporters.JUnitXMLReporter -->
<testsuite hostname="DESKTOP-H9CG5VC" ignored="0" name="Default test" tests="2" failures="0" timestamp="2022-05-21T13:05:29 IST" time="4.038" errors="0">
  <testcase name="deleteCustomer" time="3.94" classname="com.albertsons.APITestingFramework.testcases.DeleteCustomerTest"/>
  <testcase name="deleteCustomer" time="3.94" classname="com.albertsons.APITestingFramework.testcases.DeleteCustomerTest"/>
</testsuite> <!-- Default test -->
