<?xml version="1.0" encoding="UTF-8"?>
<!-- Generated by org.testng.reporters.JUnitXMLReporter -->
<testsuite hostname="DESKTOP-H9CG5VC" ignored="0" name="Create Customer Api Test" tests="4" failures="0" timestamp="2022-05-07T20:54:20 IST" time="6.119" errors="0">
  <testcase name="validateCreateCustomerApiWithInvalidSecretKey" time="3.403" classname="com.albertsons.APITestingFramework.testcases.CreateCustomerTest"/>
  <testcase name="validateCreateCustomerApiWithValidSecretKey" time="0.864" classname="com.albertsons.APITestingFramework.testcases.CreateCustomerTest"/>
  <testcase name="validateCreateCustomerApiWithValidSecretKey" time="0.863" classname="com.albertsons.APITestingFramework.testcases.CreateCustomerTest"/>
  <testcase name="validateCreateCustomerApiWithValidSecretKey" time="0.839" classname="com.albertsons.APITestingFramework.testcases.CreateCustomerTest"/>
</testsuite> <!-- Create Customer Api Test -->
