<?xml version="1.0" encoding="UTF-8"?>
<!-- Generated by org.testng.reporters.JUnitXMLReporter -->
<testsuite hostname="DESKTOP-H9CG5VC" ignored="2" name="Test" tests="6" failures="2" timestamp="2022-05-21T13:07:55 IST" time="5.773" errors="0">
  <testcase name="deleteCustomer" time="3.788" classname="com.albertsons.APITestingFramework.testcases.DeleteCustomerTest">
    <failure type="java.lang.AssertionError" message="id key is not present in json response expected [true] but found [false]">
      <![CDATA[java.lang.AssertionError: id key is not present in json response expected [true] but found [false]
at com.albertsons.APITestingFramework.testcases.DeleteCustomerTest.deleteCustomer(DeleteCustomerTest.java:35)
at java.util.concurrent.FutureTask.run(FutureTask.java:266)
at java.util.concurrent.Executors$RunnableAdapter.call(Executors.java:511)
at java.util.concurrent.FutureTask.run(FutureTask.java:266)
at java.util.concurrent.ThreadPoolExecutor.runWorker(ThreadPoolExecutor.java:1149)
at java.util.concurrent.ThreadPoolExecutor$Worker.run(ThreadPoolExecutor.java:624)
at java.lang.Thread.run(Thread.java:748)
... Removed 12 stack frames]]>
    </failure>
  </testcase> <!-- deleteCustomer -->
  <testcase name="deleteCustomer" time="3.788" classname="com.albertsons.APITestingFramework.testcases.DeleteCustomerTest">
    <failure type="java.lang.AssertionError" message="id key is not present in json response expected [true] but found [false]">
      <![CDATA[java.lang.AssertionError: id key is not present in json response expected [true] but found [false]
at com.albertsons.APITestingFramework.testcases.DeleteCustomerTest.deleteCustomer(DeleteCustomerTest.java:35)
at java.util.concurrent.FutureTask.run(FutureTask.java:266)
at java.util.concurrent.Executors$RunnableAdapter.call(Executors.java:511)
at java.util.concurrent.FutureTask.run(FutureTask.java:266)
at java.util.concurrent.ThreadPoolExecutor.runWorker(ThreadPoolExecutor.java:1149)
at java.util.concurrent.ThreadPoolExecutor$Worker.run(ThreadPoolExecutor.java:624)
at java.lang.Thread.run(Thread.java:748)
... Removed 12 stack frames]]>
    </failure>
  </testcase> <!-- deleteCustomer -->
  <testcase name="validateCreateCustomerApiWithInvalidSecretKey" time="0.662" classname="com.albertsons.APITestingFramework.testcases.CreateCustomerTest"/>
  <testcase name="validateCreateCustomerApiWithValidSecretKey" time="1.066" classname="com.albertsons.APITestingFramework.testcases.CreateCustomerTest"/>
  <testcase name="validateCreateCustomerApiWithValidSecretKey" time="1.083" classname="com.albertsons.APITestingFramework.testcases.CreateCustomerTest"/>
  <testcase name="validateCreateCustomerApiWithValidSecretKey" time="1.178" classname="com.albertsons.APITestingFramework.testcases.CreateCustomerTest"/>
  <testcase name="@BeforeSuite setUp" time="0.0" classname="com.albertsons.ApiFramework.setup.BaseTest">
    <ignored/>
  </testcase> <!-- @BeforeSuite setUp -->
  <testcase name="@AfterSuite tearDown" time="0.0" classname="com.albertsons.ApiFramework.setup.BaseTest">
    <ignored/>
  </testcase> <!-- @AfterSuite tearDown -->
</testsuite> <!-- Test -->
